C:\Program Files (x86)\MSBuild\Microsoft.Cpp\v4.0\V140\Microsoft.CppBuild.targets(392,5): warning MSB8028: The intermediate directory (C:\Users\adityaraj\OneDrive\GPU\Exercises\ex2_textures\vcproject\build\x64\Debug\) contains files shared from another project (gpupro_framework.vcxproj).  This can lead to incorrect clean and rebuild behavior.
  texture_main.cpp
c:\program files (x86)\microsoft visual studio 14.0\vc\include\xmemory0(737): error C2280: 'gpupro::SamplerState::SamplerState(const gpupro::SamplerState &)': attempting to reference a deleted function
  c:\users\adityaraj\onedrive\gpu\exercises\ex2_textures\framework\include\pipeline.hpp(59): note: see declaration of 'gpupro::SamplerState::SamplerState'
  c:\program files (x86)\microsoft visual studio 14.0\vc\include\xmemory0(857): note: see reference to function template instantiation 'void std::allocator<_Ty>::construct<_Objty,gpupro::SamplerState&>(_Objty *,gpupro::SamplerState &)' being compiled
          with
          [
              _Ty=gpupro::SamplerState,
              _Objty=gpupro::SamplerState
          ]
  c:\program files (x86)\microsoft visual studio 14.0\vc\include\xmemory0(857): note: see reference to function template instantiation 'void std::allocator<_Ty>::construct<_Objty,gpupro::SamplerState&>(_Objty *,gpupro::SamplerState &)' being compiled
          with
          [
              _Ty=gpupro::SamplerState,
              _Objty=gpupro::SamplerState
          ]
  c:\program files (x86)\microsoft visual studio 14.0\vc\include\xmemory0(996): note: see reference to function template instantiation 'void std::allocator_traits<_Alloc>::construct<_Ty,gpupro::SamplerState&>(std::allocator<_Ty> &,_Objty *,gpupro::SamplerState &)' being compiled
          with
          [
              _Alloc=std::allocator<gpupro::SamplerState>,
              _Ty=gpupro::SamplerState,
              _Objty=gpupro::SamplerState
          ]
  c:\program files (x86)\microsoft visual studio 14.0\vc\include\xmemory0(995): note: see reference to function template instantiation 'void std::allocator_traits<_Alloc>::construct<_Ty,gpupro::SamplerState&>(std::allocator<_Ty> &,_Objty *,gpupro::SamplerState &)' being compiled
          with
          [
              _Alloc=std::allocator<gpupro::SamplerState>,
              _Ty=gpupro::SamplerState,
              _Objty=gpupro::SamplerState
          ]
  c:\program files (x86)\microsoft visual studio 14.0\vc\include\vector(1284): note: see reference to function template instantiation 'void std::_Wrap_alloc<std::allocator<_Ty>>::construct<_Ty,gpupro::SamplerState&>(_Ty *,gpupro::SamplerState &)' being compiled
          with
          [
              _Ty=gpupro::SamplerState
          ]
  c:\program files (x86)\microsoft visual studio 14.0\vc\include\vector(1283): note: see reference to function template instantiation 'void std::_Wrap_alloc<std::allocator<_Ty>>::construct<_Ty,gpupro::SamplerState&>(_Ty *,gpupro::SamplerState &)' being compiled
          with
          [
              _Ty=gpupro::SamplerState
          ]
  c:\program files (x86)\microsoft visual studio 14.0\vc\include\vector(1276): note: while compiling class template member function 'void std::vector<gpupro::SamplerState,std::allocator<_Ty>>::push_back(const gpupro::SamplerState &)'
          with
          [
              _Ty=gpupro::SamplerState
          ]
  c:\users\adityaraj\onedrive\gpu\exercises\ex2_textures\src\texture_main.cpp(167): note: see reference to function template instantiation 'void std::vector<gpupro::SamplerState,std::allocator<_Ty>>::push_back(const gpupro::SamplerState &)' being compiled
          with
          [
              _Ty=gpupro::SamplerState
          ]
  c:\users\adityaraj\onedrive\gpu\exercises\ex2_textures\src\texture_main.cpp(158): note: see reference to class template instantiation 'std::vector<gpupro::SamplerState,std::allocator<_Ty>>' being compiled
          with
          [
              _Ty=gpupro::SamplerState
          ]
